#
# A fatal error has been detected by the Java Runtime Environment:
#
#  EXCEPTION_ACCESS_VIOLATION (0xc0000005) at pc=0x198f6abc, pid=3616, tid=1228
#
# JRE version: Java(TM) SE Runtime Environment (7.0_51-b13) (build 1.7.0_51-b13)
# Java VM: Java HotSpot(TM) Client VM (24.51-b03 mixed mode windows-x86 )
# Problematic frame:
# C  [ig4icd32.dll+0x1b6abc]
#
# Failed to write core dump. Minidumps are not enabled by default on client versions of Windows
#
# If you would like to submit a bug report, please visit:
#   http://bugreport.sun.com/bugreport/crash.jsp
# The crash happened outside the Java Virtual Machine in native code.
# See problematic frame for where to report the bug.
#

---------------  T H R E A D  ---------------

Current thread (0x1875ec00):  JavaThread "LWJGL Renderer Thread" [_thread_in_native, id=1228, stack(0x195f0000,0x19640000)]

siginfo: ExceptionCode=0xc0000005, reading address 0x253f4000

Registers:
EAX=0x253f4000, EBX=0x00000000, ECX=0x00000001, EDX=0x17e965e0
ESP=0x1963ead0, EBP=0x17e965e0, ESI=0x1b43a334, EDI=0x00000067
EIP=0x198f6abc, EFLAGS=0x00010293

Top of Stack: (sp=0x1963ead0)
0x1963ead0:   1b43a028 00298328 00000067 00000001
0x1963eae0:   00000000 00000000 00000001 00000002
0x1963eaf0:   198f8856 00298328 17e965e0 00000067
0x1963eb00:   0029027f 00298328 000000f0 00080038
0x1963eb10:   00000000 000000f0 1b485920 1b43a028
0x1963eb20:   1b486090 197c32b9 00298328 000000f0
0x1963eb30:   1b485a60 0029007f 197e0f2e 000000f0
0x1963eb40:   000000f0 00000000 197e18c7 00000004 

Instructions: (pc=0x198f6abc)
0x198f6a9c:   f3 0f 11 41 04 f3 0f 11 41 08 f3 0f 10 05 38 f2
0x198f6aac:   03 1a f3 0f 11 41 0c e9 b4 01 00 00 8b 54 24 28
0x198f6abc:   d9 00 0f 57 c0 c1 e1 04 03 ca d9 19 d9 40 04 d9
0x198f6acc:   59 04 eb d1 d9 00 8b 54 24 28 f3 0f 10 05 38 f2 


Register to memory mapping:

EAX=0x253f4000 is an unknown value
EBX=0x00000000 is an unknown value
ECX=0x00000001 is an unknown value
EDX=0x17e965e0 is an unknown value
ESP=0x1963ead0 is pointing into the stack for thread: 0x1875ec00
EBP=0x17e965e0 is an unknown value
ESI=0x1b43a334 is an unknown value
EDI=0x00000067 is an unknown value


Stack: [0x195f0000,0x19640000],  sp=0x1963ead0,  free space=314k
Native frames: (J=compiled Java code, j=interpreted, Vv=VM code, C=native code)
C  [ig4icd32.dll+0x1b6abc]

Java frames: (J=compiled Java code, j=interpreted, Vv=VM code)
J  org.lwjgl.opengl.GL12.nglDrawRangeElementsBO(IIIIIJJ)V
J  org.lwjgl.opengl.GL12.glDrawRangeElements(IIIIIJ)V
J  com.jme3.renderer.lwjgl.LwjglRenderer.drawTriangleList(Lcom/jme3/scene/VertexBuffer;Lcom/jme3/scene/Mesh;I)V
J  com.jme3.renderer.lwjgl.LwjglRenderer.renderMeshDefault(Lcom/jme3/scene/Mesh;II)V
J  com.jme3.renderer.lwjgl.LwjglRenderer.renderMesh(Lcom/jme3/scene/Mesh;II)V
J  com.jme3.material.Material.render(Lcom/jme3/scene/Geometry;Lcom/jme3/renderer/RenderManager;)V
J  com.jme3.renderer.RenderManager.renderGeometry(Lcom/jme3/scene/Geometry;)V
J  com.jme3.renderer.queue.RenderQueue.renderGeometryList(Lcom/jme3/renderer/queue/GeometryList;Lcom/jme3/renderer/RenderManager;Lcom/jme3/renderer/Camera;Z)V
J  com.jme3.renderer.queue.RenderQueue.renderQueue(Lcom/jme3/renderer/queue/RenderQueue$Bucket;Lcom/jme3/renderer/RenderManager;Lcom/jme3/renderer/Camera;Z)V
J  com.jme3.renderer.RenderManager.renderViewPortQueues(Lcom/jme3/renderer/ViewPort;Z)V
J  com.jme3.renderer.RenderManager.renderViewPort(Lcom/jme3/renderer/ViewPort;F)V
J  com.jme3.renderer.RenderManager.render(FZ)V
J  com.jme3.app.SimpleApplication.update()V
J  com.jme3.system.lwjgl.LwjglAbstractDisplay.runLoop()V
J  com.jme3.system.lwjgl.LwjglDisplay.runLoop()V
j  com.jme3.system.lwjgl.LwjglAbstractDisplay.run()V+132
j  java.lang.Thread.run()V+11
v  ~StubRoutines::call_stub

---------------  P R O C E S S  ---------------

Java Threads: ( => current thread )
  0x18959c00 JavaThread "LWJGL Timer" daemon [_thread_blocked, id=1652, stack(0x1cc10000,0x1cc60000)]
  0x186e9400 JavaThread "pool-1-thread-1" [_thread_blocked, id=1876, stack(0x1cff0000,0x1d040000)]
  0x187cf000 JavaThread "jME3 Audio Thread" daemon [_thread_blocked, id=3232, stack(0x1c520000,0x1c570000)]
  0x001dcc00 JavaThread "DestroyJavaVM" [_thread_blocked, id=1424, stack(0x01250000,0x012a0000)]
=>0x1875ec00 JavaThread "LWJGL Renderer Thread" [_thread_in_native, id=1228, stack(0x195f0000,0x19640000)]
  0x18740800 JavaThread "TimerQueue" daemon [_thread_blocked, id=3168, stack(0x18300000,0x18350000)]
  0x17a68400 JavaThread "AWT-Windows" daemon [_thread_in_native, id=3248, stack(0x17e20000,0x17e70000)]
  0x179ea800 JavaThread "Java2D Disposer" daemon [_thread_blocked, id=4564, stack(0x182b0000,0x18300000)]
  0x178cf400 JavaThread "Service Thread" daemon [_thread_blocked, id=4044, stack(0x17f90000,0x17fe0000)]
  0x178cac00 JavaThread "C1 CompilerThread0" daemon [_thread_blocked, id=5348, stack(0x17ec0000,0x17f10000)]
  0x178c9800 JavaThread "Attach Listener" daemon [_thread_blocked, id=4252, stack(0x17c10000,0x17c60000)]
  0x178c6800 JavaThread "Signal Dispatcher" daemon [_thread_blocked, id=3204, stack(0x17b70000,0x17bc0000)]
  0x17898000 JavaThread "Finalizer" daemon [_thread_blocked, id=592, stack(0x17c80000,0x17cd0000)]
  0x17895800 JavaThread "Reference Handler" daemon [_thread_blocked, id=2816, stack(0x17ce0000,0x17d30000)]

Other Threads:
  0x17894400 VMThread [stack: 0x17ae0000,0x17b30000] [id=860]
  0x178e2000 WatcherThread [stack: 0x17dc0000,0x17e10000] [id=3660]

VM state:not at safepoint (normal execution)

VM Mutex/Monitor currently owned by a thread: None

Heap
 def new generation   total 20096K, used 1412K [0x037e0000, 0x04da0000, 0x08d30000)
  eden space 17920K,   1% used [0x037e0000, 0x03838890, 0x04960000)
  from space 2176K,  48% used [0x04b80000, 0x04c889d8, 0x04da0000)
  to   space 2176K,   0% used [0x04960000, 0x04960000, 0x04b80000)
 tenured generation   total 44396K, used 27007K [0x08d30000, 0x0b88b000, 0x137e0000)
   the space 44396K,  60% used [0x08d30000, 0x0a78fe50, 0x0a790000, 0x0b88b000)
 compacting perm gen  total 12288K, used 11635K [0x137e0000, 0x143e0000, 0x177e0000)
   the space 12288K,  94% used [0x137e0000, 0x1433cc88, 0x1433ce00, 0x143e0000)
No shared spaces configured.

Card table byte_map: [0x177e0000,0x17890000] byte_map_base: 0x177c4100

Polling page: 0x00190000

Code Cache  [0x01760000, 0x01aa0000, 0x03760000)
 total_blobs=1998 nmethods=1693 adapters=242 free_code_cache=29452Kb largest_free_block=30159296

Compilation events (10 events):
Event: 82.121 Thread 0x178cac00 1691             java.nio.Bits::long2 (7 bytes)
Event: 82.121 Thread 0x178cac00 nmethod 1691 0x01a9c048 code [0x01a9c140, 0x01a9c1e0]
Event: 82.121 Thread 0x178cac00 1692             java.nio.Bits::long1 (7 bytes)
Event: 82.122 Thread 0x178cac00 nmethod 1692 0x01a9c248 code [0x01a9c340, 0x01a9c3e0]
Event: 82.122 Thread 0x178cac00 1693             java.nio.Bits::long0 (4 bytes)
Event: 82.122 Thread 0x178cac00 nmethod 1693 0x01a9c448 code [0x01a9c540, 0x01a9c5c0]
Event: 82.122 Thread 0x178cac00 1694             java.nio.Bits::getLongB (60 bytes)
Event: 82.122 Thread 0x178cac00 nmethod 1694 0x01a9c608 code [0x01a9c780, 0x01a9c96c]
Event: 82.122 Thread 0x178cac00 1695             java.nio.Bits::makeLong (77 bytes)
Event: 82.123 Thread 0x178cac00 nmethod 1695 0x01a9cb08 code [0x01a9cc00, 0x01a9ce00]

GC Heap History (10 events):
Event: 44.601 GC heap before
{Heap before GC invocations=68 (full 6):
 def new generation   total 20096K, used 18132K [0x037e0000, 0x04da0000, 0x08d30000)
  eden space 17920K, 100% used [0x037e0000, 0x04960000, 0x04960000)
  from space 2176K,   9% used [0x04960000, 0x04995188, 0x04b80000)
  to   space 2176K,   0% used [0x04b80000, 0x04b80000, 0x04da0000)
 tenured generation   total 44396K, used 27007K [0x08d30000, 0x0b88b000, 0x137e0000)
   the space 44396K,  60% used [0x08d30000, 0x0a78fe50, 0x0a790000, 0x0b88b000)
 compacting perm gen  total 12288K, used 11629K [0x137e0000, 0x143e0000, 0x177e0000)
   the space 12288K,  94% used [0x137e0000, 0x1433b5c0, 0x1433b600, 0x143e0000)
No shared spaces configured.
Event: 44.606 GC heap after
Heap after GC invocations=69 (full 6):
 def new generation   total 20096K, used 417K [0x037e0000, 0x04da0000, 0x08d30000)
  eden space 17920K,   0% used [0x037e0000, 0x037e0000, 0x04960000)
  from space 2176K,  19% used [0x04b80000, 0x04be84c8, 0x04da0000)
  to   space 2176K,   0% used [0x04960000, 0x04960000, 0x04b80000)
 tenured generation   total 44396K, used 27007K [0x08d30000, 0x0b88b000, 0x137e0000)
   the space 44396K,  60% used [0x08d30000, 0x0a78fe50, 0x0a790000, 0x0b88b000)
 compacting perm gen  total 12288K, used 11629K [0x137e0000, 0x143e0000, 0x177e0000)
   the space 12288K,  94% used [0x137e0000, 0x1433b5c0, 0x1433b600, 0x143e0000)
No shared spaces configured.
}
Event: 56.585 GC heap before
{Heap before GC invocations=69 (full 6):
 def new generation   total 20096K, used 18337K [0x037e0000, 0x04da0000, 0x08d30000)
  eden space 17920K, 100% used [0x037e0000, 0x04960000, 0x04960000)
  from space 2176K,  19% used [0x04b80000, 0x04be84c8, 0x04da0000)
  to   space 2176K,   0% used [0x04960000, 0x04960000, 0x04b80000)
 tenured generation   total 44396K, used 27007K [0x08d30000, 0x0b88b000, 0x137e0000)
   the space 44396K,  60% used [0x08d30000, 0x0a78fe50, 0x0a790000, 0x0b88b000)
 compacting perm gen  total 12288K, used 11629K [0x137e0000, 0x143e0000, 0x177e0000)
   the space 12288K,  94% used [0x137e0000, 0x1433b600, 0x1433b600, 0x143e0000)
No shared spaces configured.
Event: 56.588 GC heap after
Heap after GC invocations=70 (full 6):
 def new generation   total 20096K, used 587K [0x037e0000, 0x04da0000, 0x08d30000)
  eden space 17920K,   0% used [0x037e0000, 0x037e0000, 0x04960000)
  from space 2176K,  26% used [0x04960000, 0x049f2c50, 0x04b80000)
  to   space 2176K,   0% used [0x04b80000, 0x04b80000, 0x04da0000)
 tenured generation   total 44396K, used 27007K [0x08d30000, 0x0b88b000, 0x137e0000)
   the space 44396K,  60% used [0x08d30000, 0x0a78fe50, 0x0a790000, 0x0b88b000)
 compacting perm gen  total 12288K, used 11629K [0x137e0000, 0x143e0000, 0x177e0000)
   the space 12288K,  94% used [0x137e0000, 0x1433b600, 0x1433b600, 0x143e0000)
No shared spaces configured.
}
Event: 66.262 GC heap before
{Heap before GC invocations=70 (full 6):
 def new generation   total 20096K, used 18507K [0x037e0000, 0x04da0000, 0x08d30000)
  eden space 17920K, 100% used [0x037e0000, 0x04960000, 0x04960000)
  from space 2176K,  26% used [0x04960000, 0x049f2c50, 0x04b80000)
  to   space 2176K,   0% used [0x04b80000, 0x04b80000, 0x04da0000)
 tenured generation   total 44396K, used 27007K [0x08d30000, 0x0b88b000, 0x137e0000)
   the space 44396K,  60% used [0x08d30000, 0x0a78fe50, 0x0a790000, 0x0b88b000)
 compacting perm gen  total 12288K, used 11633K [0x137e0000, 0x143e0000, 0x177e0000)
   the space 12288K,  94% used [0x137e0000, 0x1433c570, 0x1433c600, 0x143e0000)
No shared spaces configured.
Event: 66.267 GC heap after
Heap after GC invocations=71 (full 6):
 def new generation   total 20096K, used 795K [0x037e0000, 0x04da0000, 0x08d30000)
  eden space 17920K,   0% used [0x037e0000, 0x037e0000, 0x04960000)
  from space 2176K,  36% used [0x04b80000, 0x04c46d68, 0x04da0000)
  to   space 2176K,   0% used [0x04960000, 0x04960000, 0x04b80000)
 tenured generation   total 44396K, used 27007K [0x08d30000, 0x0b88b000, 0x137e0000)
   the space 44396K,  60% used [0x08d30000, 0x0a78fe50, 0x0a790000, 0x0b88b000)
 compacting perm gen  total 12288K, used 11633K [0x137e0000, 0x143e0000, 0x177e0000)
   the space 12288K,  94% used [0x137e0000, 0x1433c570, 0x1433c600, 0x143e0000)
No shared spaces configured.
}
Event: 74.821 GC heap before
{Heap before GC invocations=71 (full 6):
 def new generation   total 20096K, used 18715K [0x037e0000, 0x04da0000, 0x08d30000)
  eden space 17920K, 100% used [0x037e0000, 0x04960000, 0x04960000)
  from space 2176K,  36% used [0x04b80000, 0x04c46d68, 0x04da0000)
  to   space 2176K,   0% used [0x04960000, 0x04960000, 0x04b80000)
 tenured generation   total 44396K, used 27007K [0x08d30000, 0x0b88b000, 0x137e0000)
   the space 44396K,  60% used [0x08d30000, 0x0a78fe50, 0x0a790000, 0x0b88b000)
 compacting perm gen  total 12288K, used 11635K [0x137e0000, 0x143e0000, 0x177e0000)
   the space 12288K,  94% used [0x137e0000, 0x1433cc88, 0x1433ce00, 0x143e0000)
No shared spaces configured.
Event: 74.825 GC heap after
Heap after GC invocations=72 (full 6):
 def new generation   total 20096K, used 964K [0x037e0000, 0x04da0000, 0x08d30000)
  eden space 17920K,   0% used [0x037e0000, 0x037e0000, 0x04960000)
  from space 2176K,  44% used [0x04960000, 0x04a51008, 0x04b80000)
  to   space 2176K,   0% used [0x04b80000, 0x04b80000, 0x04da0000)
 tenured generation   total 44396K, used 27007K [0x08d30000, 0x0b88b000, 0x137e0000)
   the space 44396K,  60% used [0x08d30000, 0x0a78fe50, 0x0a790000, 0x0b88b000)
 compacting perm gen  total 12288K, used 11635K [0x137e0000, 0x143e0000, 0x177e0000)
   the space 12288K,  94% used [0x137e0000, 0x1433cc88, 0x1433ce00, 0x143e0000)
No shared spaces configured.
}
Event: 82.688 GC heap before
{Heap before GC invocations=72 (full 6):
 def new generation   total 20096K, used 18884K [0x037e0000, 0x04da0000, 0x08d30000)
  eden space 17920K, 100% used [0x037e0000, 0x04960000, 0x04960000)
  from space 2176K,  44% used [0x04960000, 0x04a51008, 0x04b80000)
  to   space 2176K,   0% used [0x04b80000, 0x04b80000, 0x04da0000)
 tenured generation   total 44396K, used 27007K [0x08d30000, 0x0b88b000, 0x137e0000)
   the space 44396K,  60% used [0x08d30000, 0x0a78fe50, 0x0a790000, 0x0b88b000)
 compacting perm gen  total 12288K, used 11635K [0x137e0000, 0x143e0000, 0x177e0000)
   the space 12288K,  94% used [0x137e0000, 0x1433cc88, 0x1433ce00, 0x143e0000)
No shared spaces configured.
Event: 82.694 GC heap after
Heap after GC invocations=73 (full 6):
 def new generation   total 20096K, used 1058K [0x037e0000, 0x04da0000, 0x08d30000)
  eden space 17920K,   0% used [0x037e0000, 0x037e0000, 0x04960000)
  from space 2176K,  48% used [0x04b80000, 0x04c889d8, 0x04da0000)
  to   space 2176K,   0% used [0x04960000, 0x04960000, 0x04b80000)
 tenured generation   total 44396K, used 27007K [0x08d30000, 0x0b88b000, 0x137e0000)
   the space 44396K,  60% used [0x08d30000, 0x0a78fe50, 0x0a790000, 0x0b88b000)
 compacting perm gen  total 12288K, used 11635K [0x137e0000, 0x143e0000, 0x177e0000)
   the space 12288K,  94% used [0x137e0000, 0x1433cc88, 0x1433ce00, 0x143e0000)
No shared spaces configured.
}

Deoptimization events (0 events):
No events

Internal exceptions (10 events):
Event: 13.123 Thread 0x186e9400 Threw 0x045696a0 at C:\re\jdk7u51\527\hotspot\src\share\vm\prims\jvm.cpp:1244
Event: 13.124 Thread 0x186e9400 Threw 0x0456e2b0 at C:\re\jdk7u51\527\hotspot\src\share\vm\prims\jvm.cpp:1244
Event: 13.127 Thread 0x186e9400 Threw 0x0457a990 at C:\re\jdk7u51\527\hotspot\src\share\vm\prims\jvm.cpp:1244
Event: 14.152 Thread 0x186e9400 Threw 0x04635268 at C:\re\jdk7u51\527\hotspot\src\share\vm\prims\jvm.cpp:1244
Event: 15.668 Thread 0x1875ec00 Threw 0x047231b0 at C:\re\jdk7u51\527\hotspot\src\share\vm\prims\jvm.cpp:1244
Event: 15.668 Thread 0x1875ec00 Threw 0x04725b80 at C:\re\jdk7u51\527\hotspot\src\share\vm\prims\jvm.cpp:1244
Event: 16.968 Thread 0x1875ec00 Threw 0x048419a0 at C:\re\jdk7u51\527\hotspot\src\share\vm\prims\jvm.cpp:1244
Event: 16.969 Thread 0x1875ec00 Threw 0x0484afc8 at C:\re\jdk7u51\527\hotspot\src\share\vm\prims\jvm.cpp:1244
Event: 21.646 Thread 0x186e9400 Threw 0x03bf7480 at C:\re\jdk7u51\527\hotspot\src\share\vm\prims\jvm.cpp:1244
Event: 30.114 Thread 0x1875ec00 Threw 0x048e9470 at C:\re\jdk7u51\527\hotspot\src\share\vm\prims\jvm.cpp:1244

Events (10 events):
Event: 66.268 Executing VM operation: RevokeBias
Event: 66.268 Executing VM operation: RevokeBias done
Event: 66.268 Executing VM operation: RevokeBias
Event: 66.268 Executing VM operation: RevokeBias done
Event: 66.268 Executing VM operation: RevokeBias
Event: 66.268 Executing VM operation: RevokeBias done
Event: 74.821 Executing VM operation: GenCollectForAllocation
Event: 74.825 Executing VM operation: GenCollectForAllocation done
Event: 82.688 Executing VM operation: GenCollectForAllocation
Event: 82.695 Executing VM operation: GenCollectForAllocation done


Dynamic libraries:
0x01340000 - 0x0136f000 	C:\Program Files\jmonkeyplatform\jdk\bin\java.exe
0x77820000 - 0x77961000 	C:\Windows\SYSTEM32\ntdll.dll
0x77030000 - 0x77104000 	C:\Windows\system32\kernel32.dll
0x75970000 - 0x759bb000 	C:\Windows\system32\KERNELBASE.dll
0x77780000 - 0x77820000 	C:\Windows\system32\ADVAPI32.dll
0x76a20000 - 0x76acc000 	C:\Windows\system32\msvcrt.dll
0x76e70000 - 0x76e89000 	C:\Windows\SYSTEM32\sechost.dll
0x774f0000 - 0x77592000 	C:\Windows\system32\RPCRT4.dll
0x76e90000 - 0x76f59000 	C:\Windows\system32\USER32.dll
0x76dc0000 - 0x76e0e000 	C:\Windows\system32\GDI32.dll
0x77970000 - 0x7797a000 	C:\Windows\system32\LPK.dll
0x76cb0000 - 0x76d4d000 	C:\Windows\system32\USP10.dll
0x746e0000 - 0x7487e000 	C:\Windows\WinSxS\x86_microsoft.windows.common-controls_6595b64144ccf1df_6.0.7601.17514_none_41e6975e2bd6f2b2\COMCTL32.dll
0x77110000 - 0x77167000 	C:\Windows\system32\SHLWAPI.dll
0x76d50000 - 0x76d6f000 	C:\Windows\system32\IMM32.DLL
0x76f60000 - 0x7702c000 	C:\Windows\system32\MSCTF.dll
0x64d20000 - 0x64ddf000 	C:\Program Files\jmonkeyplatform\jdk\jre\bin\msvcr100.dll
0x61650000 - 0x619d0000 	C:\Program Files\jmonkeyplatform\jdk\jre\bin\client\jvm.dll
0x71730000 - 0x71737000 	C:\Windows\system32\WSOCK32.dll
0x767a0000 - 0x767d5000 	C:\Windows\system32\WS2_32.dll
0x77980000 - 0x77986000 	C:\Windows\system32\NSI.dll
0x73af0000 - 0x73b22000 	C:\Windows\system32\WINMM.dll
0x77990000 - 0x77995000 	C:\Windows\system32\PSAPI.DLL
0x737e0000 - 0x737ec000 	C:\Program Files\jmonkeyplatform\jdk\jre\bin\verify.dll
0x6b150000 - 0x6b170000 	C:\Program Files\jmonkeyplatform\jdk\jre\bin\java.dll
0x6b3f0000 - 0x6b403000 	C:\Program Files\jmonkeyplatform\jdk\jre\bin\zip.dll
0x6a610000 - 0x6a624000 	C:\Program Files\jmonkeyplatform\jdk\jre\bin\net.dll
0x751f0000 - 0x7522c000 	C:\Windows\system32\mswsock.dll
0x751e0000 - 0x751e6000 	C:\Windows\System32\wship6.dll
0x73850000 - 0x7385f000 	C:\Program Files\jmonkeyplatform\jdk\jre\bin\nio.dll
0x67500000 - 0x67643000 	C:\Program Files\jmonkeyplatform\jdk\jre\bin\awt.dll
0x779e0000 - 0x77a6f000 	C:\Windows\system32\OLEAUT32.dll
0x77620000 - 0x7777c000 	C:\Windows\system32\ole32.dll
0x73ec0000 - 0x73f00000 	C:\Windows\system32\uxtheme.dll
0x73ad0000 - 0x73ae3000 	C:\Windows\system32\dwmapi.dll
0x75740000 - 0x7574c000 	C:\Windows\system32\CRYPTBASE.dll
0x75b50000 - 0x7679b000 	C:\Windows\system32\SHELL32.dll
0x6a500000 - 0x6a539000 	C:\Program Files\jmonkeyplatform\jdk\jre\bin\fontmanager.dll
0x6a4d0000 - 0x6a500000 	C:\Program Files\jmonkeyplatform\jdk\jre\bin\t2k.dll
0x73ab0000 - 0x73ac0000 	C:\Windows\system32\LSKHOOK.DLL
0x17a90000 - 0x17adc000 	H:\profile\desktop\AASD\lwjgl.dll
0x66fc0000 - 0x67088000 	C:\Windows\system32\OPENGL32.dll
0x6a340000 - 0x6a362000 	C:\Windows\system32\GLU32.dll
0x639c0000 - 0x63aa7000 	C:\Windows\system32\DDRAW.dll
0x6dcc0000 - 0x6dcc6000 	C:\Windows\system32\DCIMAN32.dll
0x77350000 - 0x774ed000 	C:\Windows\system32\SETUPAPI.dll
0x759c0000 - 0x759e7000 	C:\Windows\system32\CFGMGR32.dll
0x75850000 - 0x75862000 	C:\Windows\system32\DEVOBJ.dll
0x74c80000 - 0x74c89000 	C:\Windows\system32\VERSION.dll
0x19740000 - 0x1a23f000 	C:\Windows\system32\ig4icd32.dll
0x69db0000 - 0x69e29000 	C:\Windows\system32\mscms.dll
0x75950000 - 0x75967000 	C:\Windows\system32\USERENV.dll
0x75830000 - 0x7583b000 	C:\Windows\system32\profapi.dll
0x6a220000 - 0x6a258000 	C:\Windows\system32\icm32.dll
0x189f0000 - 0x18a55000 	H:\profile\desktop\AASD\OpenAL32.dll
0x76ad0000 - 0x76b53000 	C:\Windows\system32\CLBCatQ.DLL
0x745f0000 - 0x74629000 	C:\Windows\System32\MMDevApi.dll
0x744f0000 - 0x745e5000 	C:\Windows\System32\PROPSYS.dll
0x65ba0000 - 0x65c12000 	C:\Windows\system32\dsound.dll
0x74630000 - 0x74655000 	C:\Windows\system32\POWRPROF.dll
0x73670000 - 0x736a6000 	C:\Windows\system32\AUDIOSES.DLL
0x6a460000 - 0x6a485000 	C:\Program Files\jmonkeyplatform\jdk\jre\bin\jpeg.dll
0x6a310000 - 0x6a33d000 	C:\Program Files\jmonkeyplatform\jdk\jre\bin\kcms.dll
0x6b1a0000 - 0x6b28b000 	C:\Windows\system32\dbghelp.dll

VM Arguments:
jvm_args: -Dfile.encoding=UTF-8 
java_command: mygame.Main
Launcher Type: SUN_STANDARD

Environment Variables:
PATH=C:\Program Files\Python 3.5\Scripts\;C:\Program Files\Python 3.5\;C:\Program Files\Common Files\Microsoft Shared\Windows Live;C:\Windows\system32;C:\Windows;C:\Windows\System32\Wbem;C:\Windows\System32\WindowsPowerShell\v1.0\;C:\Program Files\Windows Live\Shared;C:\Program Files\Microsoft\Web Platform Installer\;C:\Program Files\Microsoft ASP.NET\ASP.NET Web Pages\v1.0\;C:\Program Files\Windows Kits\8.0\Windows Performance Toolkit\;C:\Program Files\Microsoft SQL Server\110\Tools\Binn\;C:\PROGRA~1\COMMON~1\Odbc\FILEMA~1;C:\Program Files\QuickTime\QTSystem\;C:\Program Files\Microsoft Application Virtualization Client
USERNAME=msyed0952
OS=Windows_NT
PROCESSOR_IDENTIFIER=x86 Family 6 Model 23 Stepping 10, GenuineIntel



---------------  S Y S T E M  ---------------

OS: Windows 7 Build 7601 Service Pack 1

CPU:total 2 (2 cores per cpu, 1 threads per core) family 6 model 23 stepping 10, cmov, cx8, fxsr, mmx, sse, sse2, sse3, ssse3, tsc

Memory: 4k page, physical 2061560k(439384k free), swap 4123120k(1660812k free)

vm_info: Java HotSpot(TM) Client VM (24.51-b03) for windows-x86 JRE (1.7.0_51-b13), built on Dec 18 2013 19:09:58 by "java_re" with unknown MS VC++:1600

time: Wed Jun 15 15:41:04 2016
elapsed time: 82 seconds

