#
# A fatal error has been detected by the Java Runtime Environment:
#
#  EXCEPTION_ACCESS_VIOLATION (0xc0000005) at pc=0x19a16abc, pid=5544, tid=6108
#
# JRE version: Java(TM) SE Runtime Environment (7.0_51-b13) (build 1.7.0_51-b13)
# Java VM: Java HotSpot(TM) Client VM (24.51-b03 mixed mode windows-x86 )
# Problematic frame:
# C  [ig4icd32.dll+0x1b6abc]
#
# Failed to write core dump. Minidumps are not enabled by default on client versions of Windows
#
# If you would like to submit a bug report, please visit:
#   http://bugreport.sun.com/bugreport/crash.jsp
# The crash happened outside the Java Virtual Machine in native code.
# See problematic frame for where to report the bug.
#

---------------  T H R E A D  ---------------

Current thread (0x18588c00):  JavaThread "LWJGL Renderer Thread" [_thread_in_native, id=6108, stack(0x18ab0000,0x18b00000)]

siginfo: ExceptionCode=0xc0000005, reading address 0x2559c000

Registers:
EAX=0x2559c000, EBX=0x00000000, ECX=0x00000001, EDX=0x18c365e0
ESP=0x18afe9b0, EBP=0x18c365e0, ESI=0x1b4fe274, EDI=0x000000e8
EIP=0x19a16abc, EFLAGS=0x00010293

Top of Stack: (sp=0x18afe9b0)
0x18afe9b0:   1b4fdf68 003a80e8 000000e8 00000001
0x18afe9c0:   00000000 00000000 00000001 00000002
0x18afe9d0:   19a18856 003a80e8 18c365e0 000000e8
0x18afe9e0:   003a027f 003a80e8 000000f0 00080038
0x18afe9f0:   00000000 000000f0 1b4fcf70 1b4fdf68
0x18afea00:   1b546360 198e32b9 003a80e8 000000f0
0x18afea10:   1b544460 003a007f 19900f2e 000000f0
0x18afea20:   000000f0 00000000 199018c7 00000004 

Instructions: (pc=0x19a16abc)
0x19a16a9c:   f3 0f 11 41 04 f3 0f 11 41 08 f3 0f 10 05 38 f2
0x19a16aac:   15 1a f3 0f 11 41 0c e9 b4 01 00 00 8b 54 24 28
0x19a16abc:   d9 00 0f 57 c0 c1 e1 04 03 ca d9 19 d9 40 04 d9
0x19a16acc:   59 04 eb d1 d9 00 8b 54 24 28 f3 0f 10 05 38 f2 


Register to memory mapping:

EAX=0x2559c000 is an unknown value
EBX=0x00000000 is an unknown value
ECX=0x00000001 is an unknown value
EDX=0x18c365e0 is an unknown value
ESP=0x18afe9b0 is pointing into the stack for thread: 0x18588c00
EBP=0x18c365e0 is an unknown value
ESI=0x1b4fe274 is an unknown value
EDI=0x000000e8 is an unknown value


Stack: [0x18ab0000,0x18b00000],  sp=0x18afe9b0,  free space=314k
Native frames: (J=compiled Java code, j=interpreted, Vv=VM code, C=native code)
C  [ig4icd32.dll+0x1b6abc]

Java frames: (J=compiled Java code, j=interpreted, Vv=VM code)
J  org.lwjgl.opengl.GL12.nglDrawRangeElementsBO(IIIIIJJ)V
J  org.lwjgl.opengl.GL12.glDrawRangeElements(IIIIIJ)V
J  com.jme3.renderer.lwjgl.LwjglRenderer.drawTriangleList(Lcom/jme3/scene/VertexBuffer;Lcom/jme3/scene/Mesh;I)V
J  com.jme3.renderer.lwjgl.LwjglRenderer.renderMeshDefault(Lcom/jme3/scene/Mesh;II)V
J  com.jme3.renderer.lwjgl.LwjglRenderer.renderMesh(Lcom/jme3/scene/Mesh;II)V
J  com.jme3.material.Material.render(Lcom/jme3/scene/Geometry;Lcom/jme3/renderer/RenderManager;)V
J  com.jme3.renderer.RenderManager.renderGeometry(Lcom/jme3/scene/Geometry;)V
J  com.jme3.renderer.queue.RenderQueue.renderGeometryList(Lcom/jme3/renderer/queue/GeometryList;Lcom/jme3/renderer/RenderManager;Lcom/jme3/renderer/Camera;Z)V
J  com.jme3.renderer.queue.RenderQueue.renderQueue(Lcom/jme3/renderer/queue/RenderQueue$Bucket;Lcom/jme3/renderer/RenderManager;Lcom/jme3/renderer/Camera;Z)V
J  com.jme3.renderer.RenderManager.renderViewPortQueues(Lcom/jme3/renderer/ViewPort;Z)V
J  com.jme3.renderer.RenderManager.renderViewPort(Lcom/jme3/renderer/ViewPort;F)V
J  com.jme3.renderer.RenderManager.render(FZ)V
J  com.jme3.app.SimpleApplication.update()V
J  com.jme3.system.lwjgl.LwjglAbstractDisplay.runLoop()V
J  com.jme3.system.lwjgl.LwjglDisplay.runLoop()V
j  com.jme3.system.lwjgl.LwjglAbstractDisplay.run()V+132
j  java.lang.Thread.run()V+11
v  ~StubRoutines::call_stub

---------------  P R O C E S S  ---------------

Java Threads: ( => current thread )
  0x17995800 JavaThread "LWJGL Timer" daemon [_thread_blocked, id=5860, stack(0x18bb0000,0x18c00000)]
  0x186b4c00 JavaThread "pool-1-thread-1" [_thread_blocked, id=6028, stack(0x18b10000,0x18b60000)]
  0x18811800 JavaThread "jME3 Audio Thread" daemon [_thread_blocked, id=980, stack(0x1c560000,0x1c5b0000)]
  0x017ccc00 JavaThread "DestroyJavaVM" [_thread_blocked, id=1676, stack(0x01890000,0x018e0000)]
=>0x18588c00 JavaThread "LWJGL Renderer Thread" [_thread_in_native, id=6108, stack(0x18ab0000,0x18b00000)]
  0x1872c800 JavaThread "TimerQueue" daemon [_thread_blocked, id=3896, stack(0x18b60000,0x18bb0000)]
  0x17a60800 JavaThread "AWT-Windows" daemon [_thread_in_native, id=1092, stack(0x18280000,0x182d0000)]
  0x17aaf000 JavaThread "Java2D Disposer" daemon [_thread_blocked, id=5256, stack(0x17e80000,0x17ed0000)]
  0x1792bc00 JavaThread "Service Thread" daemon [_thread_blocked, id=4764, stack(0x17ed0000,0x17f20000)]
  0x1791dc00 JavaThread "C1 CompilerThread0" daemon [_thread_blocked, id=1604, stack(0x17e10000,0x17e60000)]
  0x1791c800 JavaThread "Attach Listener" daemon [_thread_blocked, id=5240, stack(0x17ca0000,0x17cf0000)]
  0x17919800 JavaThread "Signal Dispatcher" daemon [_thread_blocked, id=2888, stack(0x17d20000,0x17d70000)]
  0x178e8000 JavaThread "Finalizer" daemon [_thread_blocked, id=2628, stack(0x17b20000,0x17b70000)]
  0x178e5800 JavaThread "Reference Handler" daemon [_thread_blocked, id=2060, stack(0x17c30000,0x17c80000)]

Other Threads:
  0x178e4400 VMThread [stack: 0x17b70000,0x17bc0000] [id=4436]
  0x1793e400 WatcherThread [stack: 0x17f40000,0x17f90000] [id=4908]

VM state:not at safepoint (normal execution)

VM Mutex/Monitor currently owned by a thread: None

Heap
 def new generation   total 19968K, used 18088K [0x038e0000, 0x04e80000, 0x08e30000)
  eden space 17792K,  95% used [0x038e0000, 0x0496d5f8, 0x04a40000)
  from space 2176K,  52% used [0x04a40000, 0x04b5cd00, 0x04c60000)
  to   space 2176K,   0% used [0x04c60000, 0x04c60000, 0x04e80000)
 tenured generation   total 44248K, used 14606K [0x08e30000, 0x0b966000, 0x138e0000)
   the space 44248K,  33% used [0x08e30000, 0x09c73820, 0x09c73a00, 0x0b966000)
 compacting perm gen  total 12288K, used 11587K [0x138e0000, 0x144e0000, 0x178e0000)
   the space 12288K,  94% used [0x138e0000, 0x14430cb8, 0x14430e00, 0x144e0000)
No shared spaces configured.

Card table byte_map: [0x017d0000,0x01880000] byte_map_base: 0x017b3900

Polling page: 0x00270000

Code Cache  [0x018e0000, 0x01c38000, 0x038e0000)
 total_blobs=2069 nmethods=1764 adapters=242 free_code_cache=29351Kb largest_free_block=30055296

Compilation events (10 events):
Event: 84.091 Thread 0x1791dc00 1765             java.nio.Bits::makeLong (77 bytes)
Event: 84.092 Thread 0x1791dc00 nmethod 1765 0x01c34f48 code [0x01c35040, 0x01c35240]
Event: 85.542 Thread 0x1791dc00 1766             com.bulletphysics.collision.broadphase.CollisionAlgorithm::internalSetCreateFunc (6 bytes)
Event: 85.542 Thread 0x1791dc00 nmethod 1766 0x01c35288 code [0x01c35380, 0x01c35410]
Event: 85.551 Thread 0x1791dc00 1767             java.lang.ref.Reference::<init> (7 bytes)
Event: 85.552 Thread 0x1791dc00 nmethod 1767 0x01c35448 code [0x01c35540, 0x01c355e0]
Event: 87.824 Thread 0x1791dc00 1768   !         java.nio.DirectByteBuffer::<init> (146 bytes)
Event: 87.825 Thread 0x1791dc00 nmethod 1768 0x01c35648 code [0x01c357c0, 0x01c35e70]
Event: 88.742 Thread 0x1791dc00 1769             com.bulletphysics.collision.shapes.ConvexHullShape::getShapeType (4 bytes)
Event: 88.742 Thread 0x1791dc00 nmethod 1769 0x01c362c8 code [0x01c363c0, 0x01c36440]

GC Heap History (10 events):
Event: 49.565 GC heap before
{Heap before GC invocations=67 (full 6):
 def new generation   total 19968K, used 18688K [0x038e0000, 0x04e80000, 0x08e30000)
  eden space 17792K, 100% used [0x038e0000, 0x04a40000, 0x04a40000)
  from space 2176K,  41% used [0x04c60000, 0x04d400d0, 0x04e80000)
  to   space 2176K,   0% used [0x04a40000, 0x04a40000, 0x04c60000)
 tenured generation   total 44248K, used 14021K [0x08e30000, 0x0b966000, 0x138e0000)
   the space 44248K,  31% used [0x08e30000, 0x09be1770, 0x09be1800, 0x0b966000)
 compacting perm gen  total 12288K, used 11587K [0x138e0000, 0x144e0000, 0x178e0000)
   the space 12288K,  94% used [0x138e0000, 0x14430c78, 0x14430e00, 0x144e0000)
No shared spaces configured.
Event: 49.570 GC heap after
Heap after GC invocations=68 (full 6):
 def new generation   total 19968K, used 952K [0x038e0000, 0x04e80000, 0x08e30000)
  eden space 17792K,   0% used [0x038e0000, 0x038e0000, 0x04a40000)
  from space 2176K,  43% used [0x04a40000, 0x04b2e310, 0x04c60000)
  to   space 2176K,   0% used [0x04c60000, 0x04c60000, 0x04e80000)
 tenured generation   total 44248K, used 14021K [0x08e30000, 0x0b966000, 0x138e0000)
   the space 44248K,  31% used [0x08e30000, 0x09be1770, 0x09be1800, 0x0b966000)
 compacting perm gen  total 12288K, used 11587K [0x138e0000, 0x144e0000, 0x178e0000)
   the space 12288K,  94% used [0x138e0000, 0x14430c78, 0x14430e00, 0x144e0000)
No shared spaces configured.
}
Event: 60.449 GC heap before
{Heap before GC invocations=68 (full 6):
 def new generation   total 19968K, used 18744K [0x038e0000, 0x04e80000, 0x08e30000)
  eden space 17792K, 100% used [0x038e0000, 0x04a40000, 0x04a40000)
  from space 2176K,  43% used [0x04a40000, 0x04b2e310, 0x04c60000)
  to   space 2176K,   0% used [0x04c60000, 0x04c60000, 0x04e80000)
 tenured generation   total 44248K, used 14021K [0x08e30000, 0x0b966000, 0x138e0000)
   the space 44248K,  31% used [0x08e30000, 0x09be1770, 0x09be1800, 0x0b966000)
 compacting perm gen  total 12288K, used 11587K [0x138e0000, 0x144e0000, 0x178e0000)
   the space 12288K,  94% used [0x138e0000, 0x14430c98, 0x14430e00, 0x144e0000)
No shared spaces configured.
Event: 60.453 GC heap after
Heap after GC invocations=69 (full 6):
 def new generation   total 19968K, used 1181K [0x038e0000, 0x04e80000, 0x08e30000)
  eden space 17792K,   0% used [0x038e0000, 0x038e0000, 0x04a40000)
  from space 2176K,  54% used [0x04c60000, 0x04d876f8, 0x04e80000)
  to   space 2176K,   0% used [0x04a40000, 0x04a40000, 0x04c60000)
 tenured generation   total 44248K, used 14021K [0x08e30000, 0x0b966000, 0x138e0000)
   the space 44248K,  31% used [0x08e30000, 0x09be1770, 0x09be1800, 0x0b966000)
 compacting perm gen  total 12288K, used 11587K [0x138e0000, 0x144e0000, 0x178e0000)
   the space 12288K,  94% used [0x138e0000, 0x14430c98, 0x14430e00, 0x144e0000)
No shared spaces configured.
}
Event: 69.111 GC heap before
{Heap before GC invocations=69 (full 6):
 def new generation   total 19968K, used 18973K [0x038e0000, 0x04e80000, 0x08e30000)
  eden space 17792K, 100% used [0x038e0000, 0x04a40000, 0x04a40000)
  from space 2176K,  54% used [0x04c60000, 0x04d876f8, 0x04e80000)
  to   space 2176K,   0% used [0x04a40000, 0x04a40000, 0x04c60000)
 tenured generation   total 44248K, used 14021K [0x08e30000, 0x0b966000, 0x138e0000)
   the space 44248K,  31% used [0x08e30000, 0x09be1770, 0x09be1800, 0x0b966000)
 compacting perm gen  total 12288K, used 11587K [0x138e0000, 0x144e0000, 0x178e0000)
   the space 12288K,  94% used [0x138e0000, 0x14430cb8, 0x14430e00, 0x144e0000)
No shared spaces configured.
Event: 69.116 GC heap after
Heap after GC invocations=70 (full 6):
 def new generation   total 19968K, used 1295K [0x038e0000, 0x04e80000, 0x08e30000)
  eden space 17792K,   0% used [0x038e0000, 0x038e0000, 0x04a40000)
  from space 2176K,  59% used [0x04a40000, 0x04b83ea8, 0x04c60000)
  to   space 2176K,   0% used [0x04c60000, 0x04c60000, 0x04e80000)
 tenured generation   total 44248K, used 14129K [0x08e30000, 0x0b966000, 0x138e0000)
   the space 44248K,  31% used [0x08e30000, 0x09bfc540, 0x09bfc600, 0x0b966000)
 compacting perm gen  total 12288K, used 11587K [0x138e0000, 0x144e0000, 0x178e0000)
   the space 12288K,  94% used [0x138e0000, 0x14430cb8, 0x14430e00, 0x144e0000)
No shared spaces configured.
}
Event: 76.592 GC heap before
{Heap before GC invocations=70 (full 6):
 def new generation   total 19968K, used 19087K [0x038e0000, 0x04e80000, 0x08e30000)
  eden space 17792K, 100% used [0x038e0000, 0x04a40000, 0x04a40000)
  from space 2176K,  59% used [0x04a40000, 0x04b83ea8, 0x04c60000)
  to   space 2176K,   0% used [0x04c60000, 0x04c60000, 0x04e80000)
 tenured generation   total 44248K, used 14129K [0x08e30000, 0x0b966000, 0x138e0000)
   the space 44248K,  31% used [0x08e30000, 0x09bfc540, 0x09bfc600, 0x0b966000)
 compacting perm gen  total 12288K, used 11587K [0x138e0000, 0x144e0000, 0x178e0000)
   the space 12288K,  94% used [0x138e0000, 0x14430cb8, 0x14430e00, 0x144e0000)
No shared spaces configured.
Event: 76.597 GC heap after
Heap after GC invocations=71 (full 6):
 def new generation   total 19968K, used 973K [0x038e0000, 0x04e80000, 0x08e30000)
  eden space 17792K,   0% used [0x038e0000, 0x038e0000, 0x04a40000)
  from space 2176K,  44% used [0x04c60000, 0x04d53740, 0x04e80000)
  to   space 2176K,   0% used [0x04a40000, 0x04a40000, 0x04c60000)
 tenured generation   total 44248K, used 14606K [0x08e30000, 0x0b966000, 0x138e0000)
   the space 44248K,  33% used [0x08e30000, 0x09c73820, 0x09c73a00, 0x0b966000)
 compacting perm gen  total 12288K, used 11587K [0x138e0000, 0x144e0000, 0x178e0000)
   the space 12288K,  94% used [0x138e0000, 0x14430cb8, 0x14430e00, 0x144e0000)
No shared spaces configured.
}
Event: 83.226 GC heap before
{Heap before GC invocations=71 (full 6):
 def new generation   total 19968K, used 18765K [0x038e0000, 0x04e80000, 0x08e30000)
  eden space 17792K, 100% used [0x038e0000, 0x04a40000, 0x04a40000)
  from space 2176K,  44% used [0x04c60000, 0x04d53740, 0x04e80000)
  to   space 2176K,   0% used [0x04a40000, 0x04a40000, 0x04c60000)
 tenured generation   total 44248K, used 14606K [0x08e30000, 0x0b966000, 0x138e0000)
   the space 44248K,  33% used [0x08e30000, 0x09c73820, 0x09c73a00, 0x0b966000)
 compacting perm gen  total 12288K, used 11587K [0x138e0000, 0x144e0000, 0x178e0000)
   the space 12288K,  94% used [0x138e0000, 0x14430cb8, 0x14430e00, 0x144e0000)
No shared spaces configured.
Event: 83.234 GC heap after
Heap after GC invocations=72 (full 6):
 def new generation   total 19968K, used 1139K [0x038e0000, 0x04e80000, 0x08e30000)
  eden space 17792K,   0% used [0x038e0000, 0x038e0000, 0x04a40000)
  from space 2176K,  52% used [0x04a40000, 0x04b5cd00, 0x04c60000)
  to   space 2176K,   0% used [0x04c60000, 0x04c60000, 0x04e80000)
 tenured generation   total 44248K, used 14606K [0x08e30000, 0x0b966000, 0x138e0000)
   the space 44248K,  33% used [0x08e30000, 0x09c73820, 0x09c73a00, 0x0b966000)
 compacting perm gen  total 12288K, used 11587K [0x138e0000, 0x144e0000, 0x178e0000)
   the space 12288K,  94% used [0x138e0000, 0x14430cb8, 0x14430e00, 0x144e0000)
No shared spaces configured.
}

Deoptimization events (0 events):
No events

Internal exceptions (10 events):
Event: 21.742 Thread 0x18588c00 Threw 0x03b39950 at C:\re\jdk7u51\527\hotspot\src\share\vm\prims\jvm.cpp:1244
Event: 21.744 Thread 0x18588c00 Threw 0x03b3ce18 at C:\re\jdk7u51\527\hotspot\src\share\vm\prims\jvm.cpp:1244
Event: 21.744 Thread 0x18588c00 Threw 0x03b400b0 at C:\re\jdk7u51\527\hotspot\src\share\vm\prims\jvm.cpp:1244
Event: 22.778 Thread 0x186b4c00 Threw 0x03c4e130 at C:\re\jdk7u51\527\hotspot\src\share\vm\prims\jvm.cpp:1244
Event: 25.378 Thread 0x18588c00 Threw 0x03e122f0 at C:\re\jdk7u51\527\hotspot\src\share\vm\prims\jvm.cpp:1244
Event: 25.379 Thread 0x18588c00 Threw 0x03e14cc0 at C:\re\jdk7u51\527\hotspot\src\share\vm\prims\jvm.cpp:1244
Event: 27.558 Thread 0x18588c00 Threw 0x03fd81e8 at C:\re\jdk7u51\527\hotspot\src\share\vm\prims\jvm.cpp:1244
Event: 27.559 Thread 0x18588c00 Threw 0x03fe1810 at C:\re\jdk7u51\527\hotspot\src\share\vm\prims\jvm.cpp:1244
Event: 29.625 Thread 0x18588c00 Threw 0x042abc10 at C:\re\jdk7u51\527\hotspot\src\share\vm\prims\jvm.cpp:1244
Event: 31.374 Thread 0x186b4c00 Threw 0x04449590 at C:\re\jdk7u51\527\hotspot\src\share\vm\prims\jvm.cpp:1244

Events (10 events):
Event: 49.565 Executing VM operation: GenCollectForAllocation
Event: 49.570 Executing VM operation: GenCollectForAllocation done
Event: 60.449 Executing VM operation: GenCollectForAllocation
Event: 60.453 Executing VM operation: GenCollectForAllocation done
Event: 69.111 Executing VM operation: GenCollectForAllocation
Event: 69.116 Executing VM operation: GenCollectForAllocation done
Event: 76.592 Executing VM operation: GenCollectForAllocation
Event: 76.597 Executing VM operation: GenCollectForAllocation done
Event: 83.226 Executing VM operation: GenCollectForAllocation
Event: 83.234 Executing VM operation: GenCollectForAllocation done


Dynamic libraries:
0x01350000 - 0x0137f000 	C:\Program Files\jmonkeyplatform\jdk\bin\java.exe
0x77820000 - 0x77961000 	C:\Windows\SYSTEM32\ntdll.dll
0x77030000 - 0x77104000 	C:\Windows\system32\kernel32.dll
0x75970000 - 0x759bb000 	C:\Windows\system32\KERNELBASE.dll
0x77780000 - 0x77820000 	C:\Windows\system32\ADVAPI32.dll
0x76a20000 - 0x76acc000 	C:\Windows\system32\msvcrt.dll
0x76e70000 - 0x76e89000 	C:\Windows\SYSTEM32\sechost.dll
0x774f0000 - 0x77592000 	C:\Windows\system32\RPCRT4.dll
0x76e90000 - 0x76f59000 	C:\Windows\system32\USER32.dll
0x76dc0000 - 0x76e0e000 	C:\Windows\system32\GDI32.dll
0x77970000 - 0x7797a000 	C:\Windows\system32\LPK.dll
0x76cb0000 - 0x76d4d000 	C:\Windows\system32\USP10.dll
0x746e0000 - 0x7487e000 	C:\Windows\WinSxS\x86_microsoft.windows.common-controls_6595b64144ccf1df_6.0.7601.17514_none_41e6975e2bd6f2b2\COMCTL32.dll
0x77110000 - 0x77167000 	C:\Windows\system32\SHLWAPI.dll
0x76d50000 - 0x76d6f000 	C:\Windows\system32\IMM32.DLL
0x76f60000 - 0x7702c000 	C:\Windows\system32\MSCTF.dll
0x69e70000 - 0x69f2f000 	C:\Program Files\jmonkeyplatform\jdk\jre\bin\msvcr100.dll
0x63c70000 - 0x63ff0000 	C:\Program Files\jmonkeyplatform\jdk\jre\bin\client\jvm.dll
0x71730000 - 0x71737000 	C:\Windows\system32\WSOCK32.dll
0x767a0000 - 0x767d5000 	C:\Windows\system32\WS2_32.dll
0x77980000 - 0x77986000 	C:\Windows\system32\NSI.dll
0x73af0000 - 0x73b22000 	C:\Windows\system32\WINMM.dll
0x77990000 - 0x77995000 	C:\Windows\system32\PSAPI.DLL
0x737e0000 - 0x737ec000 	C:\Program Files\jmonkeyplatform\jdk\jre\bin\verify.dll
0x6b150000 - 0x6b170000 	C:\Program Files\jmonkeyplatform\jdk\jre\bin\java.dll
0x6b3f0000 - 0x6b403000 	C:\Program Files\jmonkeyplatform\jdk\jre\bin\zip.dll
0x6a610000 - 0x6a624000 	C:\Program Files\jmonkeyplatform\jdk\jre\bin\net.dll
0x751f0000 - 0x7522c000 	C:\Windows\system32\mswsock.dll
0x751e0000 - 0x751e6000 	C:\Windows\System32\wship6.dll
0x73850000 - 0x7385f000 	C:\Program Files\jmonkeyplatform\jdk\jre\bin\nio.dll
0x67500000 - 0x67643000 	C:\Program Files\jmonkeyplatform\jdk\jre\bin\awt.dll
0x779e0000 - 0x77a6f000 	C:\Windows\system32\OLEAUT32.dll
0x77620000 - 0x7777c000 	C:\Windows\system32\ole32.dll
0x73ec0000 - 0x73f00000 	C:\Windows\system32\uxtheme.dll
0x73ad0000 - 0x73ae3000 	C:\Windows\system32\dwmapi.dll
0x75740000 - 0x7574c000 	C:\Windows\system32\CRYPTBASE.dll
0x75b50000 - 0x7679b000 	C:\Windows\system32\SHELL32.dll
0x6a500000 - 0x6a539000 	C:\Program Files\jmonkeyplatform\jdk\jre\bin\fontmanager.dll
0x6a4d0000 - 0x6a500000 	C:\Program Files\jmonkeyplatform\jdk\jre\bin\t2k.dll
0x73ab0000 - 0x73ac0000 	C:\Windows\system32\LSKHOOK.DLL
0x01770000 - 0x017bc000 	H:\profile\desktop\AASD\lwjgl.dll
0x66fc0000 - 0x67088000 	C:\Windows\system32\OPENGL32.dll
0x6a340000 - 0x6a362000 	C:\Windows\system32\GLU32.dll
0x639c0000 - 0x63aa7000 	C:\Windows\system32\DDRAW.dll
0x6dcc0000 - 0x6dcc6000 	C:\Windows\system32\DCIMAN32.dll
0x77350000 - 0x774ed000 	C:\Windows\system32\SETUPAPI.dll
0x759c0000 - 0x759e7000 	C:\Windows\system32\CFGMGR32.dll
0x75850000 - 0x75862000 	C:\Windows\system32\DEVOBJ.dll
0x74c80000 - 0x74c89000 	C:\Windows\system32\VERSION.dll
0x19860000 - 0x1a35f000 	C:\Windows\system32\ig4icd32.dll
0x6a410000 - 0x6a489000 	C:\Windows\system32\mscms.dll
0x75950000 - 0x75967000 	C:\Windows\system32\USERENV.dll
0x75830000 - 0x7583b000 	C:\Windows\system32\profapi.dll
0x6a380000 - 0x6a3b8000 	C:\Windows\system32\icm32.dll
0x18a30000 - 0x18a95000 	H:\profile\desktop\AASD\OpenAL32.dll
0x76ad0000 - 0x76b53000 	C:\Windows\system32\CLBCatQ.DLL
0x745f0000 - 0x74629000 	C:\Windows\System32\MMDevApi.dll
0x744f0000 - 0x745e5000 	C:\Windows\System32\PROPSYS.dll
0x65ba0000 - 0x65c12000 	C:\Windows\system32\dsound.dll
0x74630000 - 0x74655000 	C:\Windows\system32\POWRPROF.dll
0x73670000 - 0x736a6000 	C:\Windows\system32\AUDIOSES.DLL
0x6a310000 - 0x6a335000 	C:\Program Files\jmonkeyplatform\jdk\jre\bin\jpeg.dll
0x6b1a0000 - 0x6b28b000 	C:\Windows\system32\dbghelp.dll

VM Arguments:
jvm_args: -Dfile.encoding=UTF-8 
java_command: mygame.Main
Launcher Type: SUN_STANDARD

Environment Variables:
PATH=C:\Program Files\Python 3.5\Scripts\;C:\Program Files\Python 3.5\;C:\Program Files\Common Files\Microsoft Shared\Windows Live;C:\Windows\system32;C:\Windows;C:\Windows\System32\Wbem;C:\Windows\System32\WindowsPowerShell\v1.0\;C:\Program Files\Windows Live\Shared;C:\Program Files\Microsoft\Web Platform Installer\;C:\Program Files\Microsoft ASP.NET\ASP.NET Web Pages\v1.0\;C:\Program Files\Windows Kits\8.0\Windows Performance Toolkit\;C:\Program Files\Microsoft SQL Server\110\Tools\Binn\;C:\PROGRA~1\COMMON~1\Odbc\FILEMA~1;C:\Program Files\QuickTime\QTSystem\;C:\Program Files\Microsoft Application Virtualization Client
USERNAME=msyed0952
OS=Windows_NT
PROCESSOR_IDENTIFIER=x86 Family 6 Model 23 Stepping 10, GenuineIntel



---------------  S Y S T E M  ---------------

OS: Windows 7 Build 7601 Service Pack 1

CPU:total 2 (2 cores per cpu, 1 threads per core) family 6 model 23 stepping 10, cmov, cx8, fxsr, mmx, sse, sse2, sse3, ssse3, tsc

Memory: 4k page, physical 2061560k(712156k free), swap 4123120k(1876676k free)

vm_info: Java HotSpot(TM) Client VM (24.51-b03) for windows-x86 JRE (1.7.0_51-b13), built on Dec 18 2013 19:09:58 by "java_re" with unknown MS VC++:1600

time: Wed Jun 15 14:59:28 2016
elapsed time: 88 seconds

