#
# A fatal error has been detected by the Java Runtime Environment:
#
#  EXCEPTION_ACCESS_VIOLATION (0xc0000005) at pc=0x19976abc, pid=3596, tid=3052
#
# JRE version: Java(TM) SE Runtime Environment (7.0_51-b13) (build 1.7.0_51-b13)
# Java VM: Java HotSpot(TM) Client VM (24.51-b03 mixed mode windows-x86 )
# Problematic frame:
# C  [ig4icd32.dll+0x1b6abc]
#
# Failed to write core dump. Minidumps are not enabled by default on client versions of Windows
#
# If you would like to submit a bug report, please visit:
#   http://bugreport.sun.com/bugreport/crash.jsp
# The crash happened outside the Java Virtual Machine in native code.
# See problematic frame for where to report the bug.
#

---------------  T H R E A D  ---------------

Current thread (0x1890f400):  JavaThread "LWJGL Renderer Thread" [_thread_in_native, id=3052, stack(0x182b0000,0x18300000)]

siginfo: ExceptionCode=0xc0000005, reading address 0x29341000

Registers:
EAX=0x29341000, EBX=0x00000000, ECX=0x00000001, EDX=0x197969a0
ESP=0x182fed80, EBP=0x197969a0, ESI=0x1bf48414, EDI=0x00000037
EIP=0x19976abc, EFLAGS=0x00010293

Top of Stack: (sp=0x182fed80)
0x182fed80:   1bf48108 00126128 00000037 00000001
0x182fed90:   00000000 00000000 00000001 00000002
0x182feda0:   19978856 00126128 197969a0 00000037
0x182fedb0:   0012027f 00126128 000000f0 00080038
0x182fedc0:   00000000 000000f0 1bf52f68 1bf48108
0x182fedd0:   1bf958d0 198432b9 00126128 000000f0
0x182fede0:   1bf942c8 0012007f 19860f2e 000000f0
0x182fedf0:   000000f0 00000000 198618c7 00000004 

Instructions: (pc=0x19976abc)
0x19976a9c:   f3 0f 11 41 04 f3 0f 11 41 08 f3 0f 10 05 38 f2
0x19976aac:   0b 1a f3 0f 11 41 0c e9 b4 01 00 00 8b 54 24 28
0x19976abc:   d9 00 0f 57 c0 c1 e1 04 03 ca d9 19 d9 40 04 d9
0x19976acc:   59 04 eb d1 d9 00 8b 54 24 28 f3 0f 10 05 38 f2 


Register to memory mapping:

EAX=0x29341000 is an unknown value
EBX=0x00000000 is an unknown value
ECX=0x00000001 is an unknown value
EDX=0x197969a0 is an unknown value
ESP=0x182fed80 is pointing into the stack for thread: 0x1890f400
EBP=0x197969a0 is an unknown value
ESI=0x1bf48414 is an unknown value
EDI=0x00000037 is an unknown value


Stack: [0x182b0000,0x18300000],  sp=0x182fed80,  free space=315k
Native frames: (J=compiled Java code, j=interpreted, Vv=VM code, C=native code)
C  [ig4icd32.dll+0x1b6abc]

Java frames: (J=compiled Java code, j=interpreted, Vv=VM code)
J  org.lwjgl.opengl.GL12.nglDrawRangeElementsBO(IIIIIJJ)V
J  org.lwjgl.opengl.GL12.glDrawRangeElements(IIIIIJ)V
J  com.jme3.renderer.lwjgl.LwjglRenderer.drawTriangleList(Lcom/jme3/scene/VertexBuffer;Lcom/jme3/scene/Mesh;I)V
J  com.jme3.renderer.lwjgl.LwjglRenderer.renderMeshDefault(Lcom/jme3/scene/Mesh;II)V
J  com.jme3.renderer.lwjgl.LwjglRenderer.renderMesh(Lcom/jme3/scene/Mesh;II)V
J  com.jme3.material.Material.render(Lcom/jme3/scene/Geometry;Lcom/jme3/renderer/RenderManager;)V
J  com.jme3.renderer.RenderManager.renderGeometry(Lcom/jme3/scene/Geometry;)V
J  com.jme3.renderer.queue.RenderQueue.renderGeometryList(Lcom/jme3/renderer/queue/GeometryList;Lcom/jme3/renderer/RenderManager;Lcom/jme3/renderer/Camera;Z)V
J  com.jme3.renderer.queue.RenderQueue.renderQueue(Lcom/jme3/renderer/queue/RenderQueue$Bucket;Lcom/jme3/renderer/RenderManager;Lcom/jme3/renderer/Camera;Z)V
J  com.jme3.renderer.RenderManager.renderViewPortQueues(Lcom/jme3/renderer/ViewPort;Z)V
J  com.jme3.renderer.RenderManager.renderViewPort(Lcom/jme3/renderer/ViewPort;F)V
J  com.jme3.renderer.RenderManager.render(FZ)V
J  com.jme3.app.SimpleApplication.update()V
J  com.jme3.system.lwjgl.LwjglAbstractDisplay.runLoop()V
J  com.jme3.system.lwjgl.LwjglDisplay.runLoop()V
j  com.jme3.system.lwjgl.LwjglAbstractDisplay.run()V+132
j  java.lang.Thread.run()V+11
v  ~StubRoutines::call_stub

---------------  P R O C E S S  ---------------

Java Threads: ( => current thread )
  0x1881e400 JavaThread "LWJGL Timer" daemon [_thread_blocked, id=3012, stack(0x1c580000,0x1c5d0000)]
  0x18a6a800 JavaThread "pool-1-thread-1" [_thread_blocked, id=3924, stack(0x1ca80000,0x1cad0000)]
  0x189c0400 JavaThread "jME3 Audio Thread" daemon [_thread_blocked, id=5344, stack(0x1c2f0000,0x1c340000)]
  0x0126cc00 JavaThread "DestroyJavaVM" [_thread_blocked, id=3328, stack(0x018b0000,0x01900000)]
=>0x1890f400 JavaThread "LWJGL Renderer Thread" [_thread_in_native, id=3052, stack(0x182b0000,0x18300000)]
  0x188f4000 JavaThread "TimerQueue" daemon [_thread_blocked, id=924, stack(0x18680000,0x186d0000)]
  0x17aa3400 JavaThread "AWT-Windows" daemon [_thread_in_native, id=3236, stack(0x18400000,0x18450000)]
  0x17aa4400 JavaThread "Java2D Disposer" daemon [_thread_blocked, id=5600, stack(0x18310000,0x18360000)]
  0x1794ac00 JavaThread "Service Thread" daemon [_thread_blocked, id=112, stack(0x17e70000,0x17ec0000)]
  0x1793cc00 JavaThread "C1 CompilerThread0" daemon [_thread_blocked, id=4820, stack(0x17ec0000,0x17f10000)]
  0x1793bc00 JavaThread "Attach Listener" daemon [_thread_blocked, id=5076, stack(0x17dd0000,0x17e20000)]
  0x17938800 JavaThread "Signal Dispatcher" daemon [_thread_blocked, id=3056, stack(0x17d40000,0x17d90000)]
  0x1790bc00 JavaThread "Finalizer" daemon [_thread_blocked, id=1584, stack(0x17b80000,0x17bd0000)]
  0x17905800 JavaThread "Reference Handler" daemon [_thread_blocked, id=2040, stack(0x17c60000,0x17cb0000)]

Other Threads:
  0x17904400 VMThread [stack: 0x17bd0000,0x17c20000] [id=3040]
  0x17965800 WatcherThread [stack: 0x17b20000,0x17b70000] [id=2928]

VM state:not at safepoint (normal execution)

VM Mutex/Monitor currently owned by a thread: None

Heap
 def new generation   total 20032K, used 11385K [0x03900000, 0x04eb0000, 0x08e50000)
  eden space 17856K,  57% used [0x03900000, 0x0430d260, 0x04a70000)
  from space 2176K,  50% used [0x04a70000, 0x04b81300, 0x04c90000)
  to   space 2176K,   0% used [0x04c90000, 0x04c90000, 0x04eb0000)
 tenured generation   total 44348K, used 14416K [0x08e50000, 0x0b99f000, 0x13900000)
   the space 44348K,  32% used [0x08e50000, 0x09c64130, 0x09c64200, 0x0b99f000)
 compacting perm gen  total 12288K, used 11635K [0x13900000, 0x14500000, 0x17900000)
   the space 12288K,  94% used [0x13900000, 0x1445cea0, 0x1445d000, 0x14500000)
No shared spaces configured.

Card table byte_map: [0x016d0000,0x01780000] byte_map_base: 0x016b3800

Polling page: 0x01190000

Code Cache  [0x01900000, 0x01c48000, 0x03900000)
 total_blobs=1939 nmethods=1634 adapters=242 free_code_cache=29420Kb largest_free_block=30126592

Compilation events (10 events):
Event: 55.109 Thread 0x1793cc00 1632             com.bulletphysics.util.ObjectArrayList::removeQuick (46 bytes)
Event: 55.110 Thread 0x1793cc00 nmethod 1632 0x01c43d48 code [0x01c43e50, 0x01c43f9c]
Event: 55.159 Thread 0x1793cc00 1633             com.bulletphysics.collision.broadphase.CollisionAlgorithm::internalSetCreateFunc (6 bytes)
Event: 55.159 Thread 0x1793cc00 nmethod 1633 0x01c44088 code [0x01c44180, 0x01c44210]
Event: 55.579 Thread 0x1793cc00 1634             com.bulletphysics.util.ObjectArrayList::set (32 bytes)
Event: 55.579 Thread 0x1793cc00 nmethod 1634 0x01c44248 code [0x01c44360, 0x01c444fc]
Event: 57.560 Thread 0x1793cc00 1635             com.bulletphysics.collision.narrowphase.GjkEpaSolver$Mkv::set (23 bytes)
Event: 57.560 Thread 0x1793cc00 nmethod 1635 0x01c44688 code [0x01c44780, 0x01c44860]
Event: 58.791 Thread 0x1793cc00 1636             com.jme3.util.IntMap$IntMapIterator::next (117 bytes)
Event: 58.792 Thread 0x1793cc00 nmethod 1636 0x01c44988 code [0x01c44aa0, 0x01c44c3c]

GC Heap History (10 events):
Event: 13.896 GC heap before
{Heap before GC invocations=65 (full 6):
 def new generation   total 20032K, used 17856K [0x03900000, 0x04eb0000, 0x08e50000)
  eden space 17856K, 100% used [0x03900000, 0x04a70000, 0x04a70000)
  from space 2176K,   0% used [0x04c90000, 0x04c90000, 0x04eb0000)
  to   space 2176K,   0% used [0x04a70000, 0x04a70000, 0x04c90000)
 tenured generation   total 44348K, used 14120K [0x08e50000, 0x0b99f000, 0x13900000)
   the space 44348K,  31% used [0x08e50000, 0x09c1a2e8, 0x09c1a400, 0x0b99f000)
 compacting perm gen  total 12288K, used 11564K [0x13900000, 0x14500000, 0x17900000)
   the space 12288K,  94% used [0x13900000, 0x1444b318, 0x1444b400, 0x14500000)
No shared spaces configured.
Event: 13.900 GC heap after
Heap after GC invocations=66 (full 6):
 def new generation   total 20032K, used 612K [0x03900000, 0x04eb0000, 0x08e50000)
  eden space 17856K,   0% used [0x03900000, 0x03900000, 0x04a70000)
  from space 2176K,  28% used [0x04a70000, 0x04b093e8, 0x04c90000)
  to   space 2176K,   0% used [0x04c90000, 0x04c90000, 0x04eb0000)
 tenured generation   total 44348K, used 14120K [0x08e50000, 0x0b99f000, 0x13900000)
   the space 44348K,  31% used [0x08e50000, 0x09c1a2e8, 0x09c1a400, 0x0b99f000)
 compacting perm gen  total 12288K, used 11564K [0x13900000, 0x14500000, 0x17900000)
   the space 12288K,  94% used [0x13900000, 0x1444b318, 0x1444b400, 0x14500000)
No shared spaces configured.
}
Event: 25.160 GC heap before
{Heap before GC invocations=66 (full 6):
 def new generation   total 20032K, used 18468K [0x03900000, 0x04eb0000, 0x08e50000)
  eden space 17856K, 100% used [0x03900000, 0x04a70000, 0x04a70000)
  from space 2176K,  28% used [0x04a70000, 0x04b093e8, 0x04c90000)
  to   space 2176K,   0% used [0x04c90000, 0x04c90000, 0x04eb0000)
 tenured generation   total 44348K, used 14120K [0x08e50000, 0x0b99f000, 0x13900000)
   the space 44348K,  31% used [0x08e50000, 0x09c1a2e8, 0x09c1a400, 0x0b99f000)
 compacting perm gen  total 12288K, used 11635K [0x13900000, 0x14500000, 0x17900000)
   the space 12288K,  94% used [0x13900000, 0x1445ccc0, 0x1445ce00, 0x14500000)
No shared spaces configured.
Event: 25.163 GC heap after
Heap after GC invocations=67 (full 6):
 def new generation   total 20032K, used 756K [0x03900000, 0x04eb0000, 0x08e50000)
  eden space 17856K,   0% used [0x03900000, 0x03900000, 0x04a70000)
  from space 2176K,  34% used [0x04c90000, 0x04d4d3c8, 0x04eb0000)
  to   space 2176K,   0% used [0x04a70000, 0x04a70000, 0x04c90000)
 tenured generation   total 44348K, used 14120K [0x08e50000, 0x0b99f000, 0x13900000)
   the space 44348K,  31% used [0x08e50000, 0x09c1a2e8, 0x09c1a400, 0x0b99f000)
 compacting perm gen  total 12288K, used 11635K [0x13900000, 0x14500000, 0x17900000)
   the space 12288K,  94% used [0x13900000, 0x1445ccc0, 0x1445ce00, 0x14500000)
No shared spaces configured.
}
Event: 37.626 GC heap before
{Heap before GC invocations=67 (full 6):
 def new generation   total 20032K, used 18612K [0x03900000, 0x04eb0000, 0x08e50000)
  eden space 17856K, 100% used [0x03900000, 0x04a70000, 0x04a70000)
  from space 2176K,  34% used [0x04c90000, 0x04d4d3c8, 0x04eb0000)
  to   space 2176K,   0% used [0x04a70000, 0x04a70000, 0x04c90000)
 tenured generation   total 44348K, used 14120K [0x08e50000, 0x0b99f000, 0x13900000)
   the space 44348K,  31% used [0x08e50000, 0x09c1a2e8, 0x09c1a400, 0x0b99f000)
 compacting perm gen  total 12288K, used 11635K [0x13900000, 0x14500000, 0x17900000)
   the space 12288K,  94% used [0x13900000, 0x1445cdd0, 0x1445ce00, 0x14500000)
No shared spaces configured.
Event: 37.629 GC heap after
Heap after GC invocations=68 (full 6):
 def new generation   total 20032K, used 941K [0x03900000, 0x04eb0000, 0x08e50000)
  eden space 17856K,   0% used [0x03900000, 0x03900000, 0x04a70000)
  from space 2176K,  43% used [0x04a70000, 0x04b5b780, 0x04c90000)
  to   space 2176K,   0% used [0x04c90000, 0x04c90000, 0x04eb0000)
 tenured generation   total 44348K, used 14120K [0x08e50000, 0x0b99f000, 0x13900000)
   the space 44348K,  31% used [0x08e50000, 0x09c1a2e8, 0x09c1a400, 0x0b99f000)
 compacting perm gen  total 12288K, used 11635K [0x13900000, 0x14500000, 0x17900000)
   the space 12288K,  94% used [0x13900000, 0x1445cdd0, 0x1445ce00, 0x14500000)
No shared spaces configured.
}
Event: 47.343 GC heap before
{Heap before GC invocations=68 (full 6):
 def new generation   total 20032K, used 18797K [0x03900000, 0x04eb0000, 0x08e50000)
  eden space 17856K, 100% used [0x03900000, 0x04a70000, 0x04a70000)
  from space 2176K,  43% used [0x04a70000, 0x04b5b780, 0x04c90000)
  to   space 2176K,   0% used [0x04c90000, 0x04c90000, 0x04eb0000)
 tenured generation   total 44348K, used 14120K [0x08e50000, 0x0b99f000, 0x13900000)
   the space 44348K,  31% used [0x08e50000, 0x09c1a2e8, 0x09c1a400, 0x0b99f000)
 compacting perm gen  total 12288K, used 11635K [0x13900000, 0x14500000, 0x17900000)
   the space 12288K,  94% used [0x13900000, 0x1445ce50, 0x1445d000, 0x14500000)
No shared spaces configured.
Event: 47.347 GC heap after
Heap after GC invocations=69 (full 6):
 def new generation   total 20032K, used 1103K [0x03900000, 0x04eb0000, 0x08e50000)
  eden space 17856K,   0% used [0x03900000, 0x03900000, 0x04a70000)
  from space 2176K,  50% used [0x04c90000, 0x04da3ff8, 0x04eb0000)
  to   space 2176K,   0% used [0x04a70000, 0x04a70000, 0x04c90000)
 tenured generation   total 44348K, used 14120K [0x08e50000, 0x0b99f000, 0x13900000)
   the space 44348K,  31% used [0x08e50000, 0x09c1a2e8, 0x09c1a400, 0x0b99f000)
 compacting perm gen  total 12288K, used 11635K [0x13900000, 0x14500000, 0x17900000)
   the space 12288K,  94% used [0x13900000, 0x1445ce50, 0x1445d000, 0x14500000)
No shared spaces configured.
}
Event: 55.142 GC heap before
{Heap before GC invocations=69 (full 6):
 def new generation   total 20032K, used 18959K [0x03900000, 0x04eb0000, 0x08e50000)
  eden space 17856K, 100% used [0x03900000, 0x04a70000, 0x04a70000)
  from space 2176K,  50% used [0x04c90000, 0x04da3ff8, 0x04eb0000)
  to   space 2176K,   0% used [0x04a70000, 0x04a70000, 0x04c90000)
 tenured generation   total 44348K, used 14120K [0x08e50000, 0x0b99f000, 0x13900000)
   the space 44348K,  31% used [0x08e50000, 0x09c1a2e8, 0x09c1a400, 0x0b99f000)
 compacting perm gen  total 12288K, used 11635K [0x13900000, 0x14500000, 0x17900000)
   the space 12288K,  94% used [0x13900000, 0x1445ce80, 0x1445d000, 0x14500000)
No shared spaces configured.
Event: 55.147 GC heap after
Heap after GC invocations=70 (full 6):
 def new generation   total 20032K, used 1092K [0x03900000, 0x04eb0000, 0x08e50000)
  eden space 17856K,   0% used [0x03900000, 0x03900000, 0x04a70000)
  from space 2176K,  50% used [0x04a70000, 0x04b81300, 0x04c90000)
  to   space 2176K,   0% used [0x04c90000, 0x04c90000, 0x04eb0000)
 tenured generation   total 44348K, used 14416K [0x08e50000, 0x0b99f000, 0x13900000)
   the space 44348K,  32% used [0x08e50000, 0x09c64130, 0x09c64200, 0x0b99f000)
 compacting perm gen  total 12288K, used 11635K [0x13900000, 0x14500000, 0x17900000)
   the space 12288K,  94% used [0x13900000, 0x1445ce80, 0x1445d000, 0x14500000)
No shared spaces configured.
}

Deoptimization events (0 events):
No events

Internal exceptions (10 events):
Event: 12.407 Thread 0x1890f400 Threw 0x048f9de0 at C:\re\jdk7u51\527\hotspot\src\share\vm\prims\jvm.cpp:1244
Event: 12.409 Thread 0x1890f400 Threw 0x048fd2a8 at C:\re\jdk7u51\527\hotspot\src\share\vm\prims\jvm.cpp:1244
Event: 12.409 Thread 0x1890f400 Threw 0x04900540 at C:\re\jdk7u51\527\hotspot\src\share\vm\prims\jvm.cpp:1244
Event: 12.826 Thread 0x1890f400 Threw 0x0496e838 at C:\re\jdk7u51\527\hotspot\src\share\vm\prims\jvm.cpp:1244
Event: 12.826 Thread 0x1890f400 Threw 0x04971208 at C:\re\jdk7u51\527\hotspot\src\share\vm\prims\jvm.cpp:1244
Event: 13.259 Thread 0x1890f400 Threw 0x0499c670 at C:\re\jdk7u51\527\hotspot\src\share\vm\prims\jvm.cpp:1244
Event: 13.259 Thread 0x1890f400 Threw 0x0499ee70 at C:\re\jdk7u51\527\hotspot\src\share\vm\prims\jvm.cpp:1244
Event: 13.396 Thread 0x18a6a800 Threw 0x049fc778 at C:\re\jdk7u51\527\hotspot\src\share\vm\prims\jvm.cpp:1244
Event: 15.250 Thread 0x1890f400 Threw 0x03a188e0 at C:\re\jdk7u51\527\hotspot\src\share\vm\prims\jvm.cpp:1244
Event: 21.148 Thread 0x18a6a800 Threw 0x041bd960 at C:\re\jdk7u51\527\hotspot\src\share\vm\prims\jvm.cpp:1244

Events (10 events):
Event: 25.164 Executing VM operation: RevokeBias
Event: 25.164 Executing VM operation: RevokeBias done
Event: 25.164 Executing VM operation: RevokeBias
Event: 25.164 Executing VM operation: RevokeBias done
Event: 37.626 Executing VM operation: GenCollectForAllocation
Event: 37.629 Executing VM operation: GenCollectForAllocation done
Event: 47.343 Executing VM operation: GenCollectForAllocation
Event: 47.347 Executing VM operation: GenCollectForAllocation done
Event: 55.142 Executing VM operation: GenCollectForAllocation
Event: 55.147 Executing VM operation: GenCollectForAllocation done


Dynamic libraries:
0x012b0000 - 0x012df000 	C:\Program Files\jmonkeyplatform\jdk\bin\java.exe
0x77680000 - 0x777c1000 	C:\Windows\SYSTEM32\ntdll.dll
0x759b0000 - 0x75a84000 	C:\Windows\system32\kernel32.dll
0x75910000 - 0x7595b000 	C:\Windows\system32\KERNELBASE.dll
0x76610000 - 0x766b0000 	C:\Windows\system32\ADVAPI32.dll
0x761c0000 - 0x7626c000 	C:\Windows\system32\msvcrt.dll
0x761a0000 - 0x761b9000 	C:\Windows\SYSTEM32\sechost.dll
0x75cf0000 - 0x75d92000 	C:\Windows\system32\RPCRT4.dll
0x76810000 - 0x768d9000 	C:\Windows\system32\USER32.dll
0x777d0000 - 0x7781e000 	C:\Windows\system32\GDI32.dll
0x77850000 - 0x7785a000 	C:\Windows\system32\LPK.dll
0x760b0000 - 0x7614d000 	C:\Windows\system32\USP10.dll
0x74650000 - 0x747ee000 	C:\Windows\WinSxS\x86_microsoft.windows.common-controls_6595b64144ccf1df_6.0.7601.17514_none_41e6975e2bd6f2b2\COMCTL32.dll
0x77860000 - 0x778b7000 	C:\Windows\system32\SHLWAPI.dll
0x76090000 - 0x760af000 	C:\Windows\system32\IMM32.DLL
0x766b0000 - 0x7677c000 	C:\Windows\system32\MSCTF.dll
0x62d00000 - 0x62dbf000 	C:\Program Files\jmonkeyplatform\jdk\jre\bin\msvcr100.dll
0x62980000 - 0x62d00000 	C:\Program Files\jmonkeyplatform\jdk\jre\bin\client\jvm.dll
0x718d0000 - 0x718d7000 	C:\Windows\system32\WSOCK32.dll
0x76050000 - 0x76085000 	C:\Windows\system32\WS2_32.dll
0x778c0000 - 0x778c6000 	C:\Windows\system32\NSI.dll
0x734a0000 - 0x734d2000 	C:\Windows\system32\WINMM.dll
0x75cd0000 - 0x75cd5000 	C:\Windows\system32\PSAPI.DLL
0x6ca40000 - 0x6ca4c000 	C:\Program Files\jmonkeyplatform\jdk\jre\bin\verify.dll
0x6ca20000 - 0x6ca40000 	C:\Program Files\jmonkeyplatform\jdk\jre\bin\java.dll
0x6ca00000 - 0x6ca13000 	C:\Program Files\jmonkeyplatform\jdk\jre\bin\zip.dll
0x6c9e0000 - 0x6c9f4000 	C:\Program Files\jmonkeyplatform\jdk\jre\bin\net.dll
0x75050000 - 0x7508c000 	C:\Windows\system32\mswsock.dll
0x75040000 - 0x75046000 	C:\Windows\System32\wship6.dll
0x6ca50000 - 0x6ca5f000 	C:\Program Files\jmonkeyplatform\jdk\jre\bin\nio.dll
0x5fe10000 - 0x5ff53000 	C:\Program Files\jmonkeyplatform\jdk\jre\bin\awt.dll
0x76780000 - 0x7680f000 	C:\Windows\system32\OLEAUT32.dll
0x764b0000 - 0x7660c000 	C:\Windows\system32\ole32.dll
0x74610000 - 0x74650000 	C:\Windows\system32\uxtheme.dll
0x741e0000 - 0x741f3000 	C:\Windows\system32\dwmapi.dll
0x755a0000 - 0x755ac000 	C:\Windows\system32\CRYPTBASE.dll
0x76a30000 - 0x7767b000 	C:\Windows\system32\SHELL32.dll
0x6bf90000 - 0x6bfc9000 	C:\Program Files\jmonkeyplatform\jdk\jre\bin\fontmanager.dll
0x6bf60000 - 0x6bf90000 	C:\Program Files\jmonkeyplatform\jdk\jre\bin\t2k.dll
0x6e4a0000 - 0x6e4b0000 	C:\Windows\system32\LSKHOOK.DLL
0x17cb0000 - 0x17cfc000 	H:\profile\.jmonkeyplatform\assetpacks\AASD\lwjgl.dll
0x63020000 - 0x630e8000 	C:\Windows\system32\OPENGL32.dll
0x6bf30000 - 0x6bf52000 	C:\Windows\system32\GLU32.dll
0x5fd20000 - 0x5fe07000 	C:\Windows\system32\DDRAW.dll
0x6c810000 - 0x6c816000 	C:\Windows\system32\DCIMAN32.dll
0x75e30000 - 0x75fcd000 	C:\Windows\system32\SETUPAPI.dll
0x756b0000 - 0x756d7000 	C:\Windows\system32\CFGMGR32.dll
0x75990000 - 0x759a2000 	C:\Windows\system32\DEVOBJ.dll
0x74ae0000 - 0x74ae9000 	C:\Windows\system32\VERSION.dll
0x197c0000 - 0x1a2bf000 	C:\Windows\system32\ig4icd32.dll
0x690a0000 - 0x69119000 	C:\Windows\system32\mscms.dll
0x75970000 - 0x75987000 	C:\Windows\system32\USERENV.dll
0x75680000 - 0x7568b000 	C:\Windows\system32\profapi.dll
0x692b0000 - 0x692e8000 	C:\Windows\system32\icm32.dll
0x18450000 - 0x184b5000 	H:\profile\.jmonkeyplatform\assetpacks\AASD\OpenAL32.dll
0x75da0000 - 0x75e23000 	C:\Windows\system32\CLBCatQ.DLL
0x74300000 - 0x74339000 	C:\Windows\System32\MMDevApi.dll
0x74200000 - 0x742f5000 	C:\Windows\System32\PROPSYS.dll
0x695a0000 - 0x69612000 	C:\Windows\system32\dsound.dll
0x73b00000 - 0x73b25000 	C:\Windows\system32\POWRPROF.dll
0x6fea0000 - 0x6fed6000 	C:\Windows\system32\AUDIOSES.DLL
0x65630000 - 0x65655000 	C:\Program Files\jmonkeyplatform\jdk\jre\bin\jpeg.dll
0x6b480000 - 0x6b4ad000 	C:\Program Files\jmonkeyplatform\jdk\jre\bin\kcms.dll
0x61330000 - 0x6141b000 	C:\Windows\system32\dbghelp.dll

VM Arguments:
jvm_args: -Dfile.encoding=UTF-8 
java_command: mygame.Main
Launcher Type: SUN_STANDARD

Environment Variables:
PATH=C:\Program Files\Python 3.5\Scripts\;C:\Program Files\Python 3.5\;C:\Program Files\Common Files\Microsoft Shared\Windows Live;C:\Windows\system32;C:\Windows;C:\Windows\System32\Wbem;C:\Windows\System32\WindowsPowerShell\v1.0\;C:\Program Files\Windows Live\Shared;C:\Program Files\Microsoft\Web Platform Installer\;C:\Program Files\Microsoft ASP.NET\ASP.NET Web Pages\v1.0\;C:\Program Files\Windows Kits\8.0\Windows Performance Toolkit\;C:\Program Files\Microsoft SQL Server\110\Tools\Binn\;C:\PROGRA~1\COMMON~1\Odbc\FILEMA~1;C:\Program Files\QuickTime\QTSystem\;C:\Program Files\Microsoft Application Virtualization Client
USERNAME=nyang4552
OS=Windows_NT
PROCESSOR_IDENTIFIER=x86 Family 6 Model 23 Stepping 10, GenuineIntel



---------------  S Y S T E M  ---------------

OS: Windows 7 Build 7601 Service Pack 1

CPU:total 2 (2 cores per cpu, 1 threads per core) family 6 model 23 stepping 10, cmov, cx8, fxsr, mmx, sse, sse2, sse3, ssse3, tsc

Memory: 4k page, physical 2061560k(321012k free), swap 4123120k(1868828k free)

vm_info: Java HotSpot(TM) Client VM (24.51-b03) for windows-x86 JRE (1.7.0_51-b13), built on Dec 18 2013 19:09:58 by "java_re" with unknown MS VC++:1600

time: Thu Jun 16 11:59:14 2016
elapsed time: 58 seconds

